Arguments: 
  /home/bravo68web/.nvm/versions/node/v18.14.0/bin/node /home/bravo68web/.nvm/versions/node/v18.14.0/bin/yarn

PATH: 
  /home/bravo68web/.local/share/pnpm:/home/bravo68web/.fly/bin:/home/bravo68web/.bun/bin:/home/bravo68web/.nvm/versions/node/v18.14.0/bin:/home/bravo68web/.cargo/bin:/usr/local/bin:/usr/bin:/usr/local/sbin:/var/lib/flatpak/exports/bin:/opt/flutter/bin:/usr/lib/jvm/default/bin:/usr/bin/site_perl:/usr/bin/vendor_perl:/usr/bin/core_perl:/home/bravo68web/.cargo/bin/:/home/bravo68web/.bin

Yarn version: 
  1.22.19

Node version: 
  18.14.0

Platform: 
  linux x64

Trace: 
  Error: https://registry.yarnpkg.com/@swc/wasm/-/wasm-1.3.42.tgz: ETIMEDOUT
      at Timeout._onTimeout (/home/bravo68web/.nvm/versions/node/v18.14.0/lib/node_modules/yarn/lib/cli.js:141550:19)
      at listOnTimeout (node:internal/timers:569:17)
      at process.processTimers (node:internal/timers:512:7)

npm manifest: 
  {
    "name": "url-short-micro",
    "version": "1.0.0",
    "description": "A URL shortener microservice",
    "main": "src/",
    "repository": "https://github.com/gdsclpu/technocean-misc-handler",
    "author": "GDSC LPU Team",
    "license": "MIT",
    "private": true,
    "dependencies": {
  		"axios": "^1.2.1",
  		"cors": "^2.8.5",
  		"dotenv": "^16.0.3",
  		"envfile": "^6.18.0",
  		"express": "^4.18.2",
  		"form-data": "^4.0.0",
  		"helmet": "^6.0.1",
  		"mongoose": "^7.0.1",
  		"morgan": "^1.10.0",
  		"napi-nanoid": "^0.1.0"
  	},
  	"scripts": {
  		"dev": "cross-env NODE_ENV=development nodemon -x node --no-warnings --experimental-specifier-resolution=node --loader ts-node/esm index.ts --signal SIGKILL --ignore node_modules",
  		"build": "tsc",
  		"start": "node --es-module-specifier-resolution=node --loader ts-node/esm ./build/index.js",
  		"prettier": "prettier --write \"**/*.{ts,tsx,js,jsx,json,css,scss,md}\"",
  		"configure-husky": "npx husky install && npx husky add .husky/pre-commit \"npx --no-install lint-staged\""
  	},
  	"devDependencies": {
  		"@swc/core": "^1.3.23",
  		"@swc/wasm": "^1.3.23",
  		"@types/cors": "^2.8.13",
  		"@types/express": "^4.17.14",
  		"@types/morgan": "^1.9.3",
  		"@typescript-eslint/eslint-plugin": "^5.54.1",
  		"@typescript-eslint/parser": "^5.54.1",
  		"cross-env": "^7.0.3",
  		"eslint": "^8.35.0",
  		"eslint-config-prettier": "^8.7.0",
  		"husky": "^8.0.3",
  		"lint-staged": "^13.1.2",
  		"prettier": "^2.8.2",
  		"ts-node": "^10.9.1",
  		"typescript": "^4.9.3"
  	},
  	"lint-staged": {
  		"**/*.{js,json,ts,css}": [
  			"eslint --fix",
  			"prettier --write \"**/*.{ts,tsx,js,jsx,json,css,scss,md}\""
  		]
  	},
  	"husky": {
  		"hooks": {
  			"pre-commit": "lint-staged"
  		}
  	}
  }

yarn manifest: 
  No manifest

Lockfile: 
  No lockfile
